<?xml version="1.0" encoding="UTF-8"?>
<!-- Generated by org.testng.reporters.JUnitReportReporter -->
<testsuite skipped="1" hostname="DESKTOP-TM9R5C9" name="testNG.DisableTestDemo" tests="3" failures="0" timestamp="04 Mar 2019 19:44:10 GMT" time="0.024" errors="0">
  <testcase name="thirdTest" time="0.006" classname="testNG.DisableTestDemo"/>
  <testcase name="firstTest" time="0.018" classname="testNG.DisableTestDemo"/>
  <testcase name="secondTest" classname="testNG.DisableTestDemo">
    <skipped/>
  </testcase> <!-- secondTest -->
</testsuite> <!-- testNG.DisableTestDemo -->
