<?xml version="1.0" encoding="UTF-8"?>
<!-- Generated by org.testng.reporters.JUnitReportReporter -->
<testsuite skipped="0" hostname="DESKTOP-TM9R5C9" name="testNG.GroupingTestDemo" tests="3" failures="0" timestamp="05 Mar 2019 09:59:29 GMT" time="0.029" errors="0">
  <testcase name="drive" time="0.002" classname="testNG.GroupingTestDemo"/>
  <testcase name="changeGear" time="0.003" classname="testNG.GroupingTestDemo"/>
  <testcase name="accelerate" time="0.024" classname="testNG.GroupingTestDemo"/>
</testsuite> <!-- testNG.GroupingTestDemo -->
