<?xml version="1.0" encoding="UTF-8"?>
<!-- Generated by org.testng.reporters.JUnitReportReporter -->
<testsuite skipped="0" hostname="DESKTOP-TM9R5C9" name="testNG.MethodDependency" tests="3" failures="0" timestamp="04 Mar 2019 19:24:47 GMT" time="0.027" errors="0">
  <testcase name="firstTest" time="0.005" classname="testNG.MethodDependency"/>
  <testcase name="finalTest" time="0.020" classname="testNG.MethodDependency"/>
  <testcase name="secondTest" time="0.002" classname="testNG.MethodDependency"/>
</testsuite> <!-- testNG.MethodDependency -->
