<?xml version="1.0" encoding="UTF-8"?>
<!-- Generated by org.testng.reporters.JUnitReportReporter -->
<testsuite skipped="0" hostname="DESKTOP-TM9R5C9" name="testNG.TestAnnotations" tests="3" failures="0" timestamp="03 Mar 2019 18:37:35 GMT" time="0.027" errors="0">
  <testcase name="A" time="0.014" classname="testNG.TestAnnotations"/>
  <testcase name="B" time="0.009" classname="testNG.TestAnnotations"/>
  <testcase name="C" time="0.004" classname="testNG.TestAnnotations"/>
</testsuite> <!-- testNG.TestAnnotations -->
