<?xml version="1.0" encoding="UTF-8"?>
<!-- Generated by org.testng.reporters.JUnitReportReporter -->
<testsuite skipped="0" hostname="DESKTOP-TM9R5C9" name="testNG.Prioritization" tests="3" failures="0" timestamp="04 Mar 2019 18:03:11 GMT" time="0.037" errors="0">
  <testcase name="A" time="0.015" classname="testNG.Prioritization"/>
  <testcase name="B" time="0.017" classname="testNG.Prioritization"/>
  <testcase name="C" time="0.005" classname="testNG.Prioritization"/>
</testsuite> <!-- testNG.Prioritization -->
