<?xml version="1.0" encoding="UTF-8"?>
<!-- Generated by org.testng.reporters.JUnitReportReporter -->
<testsuite skipped="0" hostname="DESKTOP-TM9R5C9" name="testNG.AlwaysRunTests" tests="3" failures="0" timestamp="04 Mar 2019 19:29:22 GMT" time="0.022" errors="0">
  <testcase name="firstTest" time="0.004" classname="testNG.AlwaysRunTests"/>
  <testcase name="finalTest" time="0.016" classname="testNG.AlwaysRunTests"/>
  <testcase name="secondTest" time="0.002" classname="testNG.AlwaysRunTests"/>
</testsuite> <!-- testNG.AlwaysRunTests -->
